# Crashlytics - Custom logs
# Application: com.bounce.bounceapp21
# Platform: ios
# Version: 3.4 (1)
# Issue: 5bfed1b5ed1fde56b9dc399363b71af8
# Session: 51b608d15c434ffa925439bfdc1749f5_DNE_0_v2
# Date: Thu Oct 03 2019 20:03:00 GMT+0100 (Irish Standard Time)

 0 | Thu Oct 03 2019 20:03:48 GMT+0100 (Irish Standard Time) | screen_view
 1 | Thu Oct 03 2019 20:03:49 GMT+0100 (Irish Standard Time) | -[RNFirebaseCrashlytics log:] line 26 $ Registering screens...
 2 | Thu Oct 03 2019 20:03:49 GMT+0100 (Irish Standard Time) | screen_view
 3 | Thu Oct 03 2019 20:03:49 GMT+0100 (Irish Standard Time) | -[RNFirebaseCrashlytics log:] line 26 $ [checkPushNotificationPermission] - Checking users push notification permissions...
 4 | Thu Oct 03 2019 20:03:49 GMT+0100 (Irish Standard Time) | -[RNFirebaseCrashlytics log:] line 26 $ [checkPushNotificationPermission] - User has push notifications enabled...
 5 | Thu Oct 03 2019 20:03:49 GMT+0100 (Irish Standard Time) | -[RNFirebaseCrashlytics log:] line 26 $ [initialiseUserAuthListener] - Searching for users/hMsTVhjt03WzRXAaf6krDQ4OZEA3...
 6 | Thu Oct 03 2019 20:03:49 GMT+0100 (Irish Standard Time) | -[RNFirebaseCrashlytics log:] line 26 $ [initialiseUserAuthListener] - Searching for users/hMsTVhjt03WzRXAaf6krDQ4OZEA3...
 7 | Thu Oct 03 2019 20:03:49 GMT+0100 (Irish Standard Time) | -[RNFirebaseCrashlytics log:] line 26 $ [initialiseUserAuthListener] - Getting users messaging token...
 8 | Thu Oct 03 2019 20:03:49 GMT+0100 (Irish Standard Time) | -[RNFirebaseCrashlytics log:] line 26 $ [goToHome] - Going to Home for user hMsTVhjt03WzRXAaf6krDQ4OZEA3...
 9 | Thu Oct 03 2019 20:03:49 GMT+0100 (Irish Standard Time) | -[RNFirebaseCrashlytics log:] line 26 $ [initialiseUserAuthListener] - Getting users messaging token...
10 | Thu Oct 03 2019 20:03:49 GMT+0100 (Irish Standard Time) | -[RNFirebaseCrashlytics log:] line 26 $ [goToHome] - Going to Home for user hMsTVhjt03WzRXAaf6krDQ4OZEA3...
11 | Thu Oct 03 2019 20:03:49 GMT+0100 (Irish Standard Time) | -[RNFirebaseCrashlytics log:] line 26 $ [initialiseUserAuthListener] - Updating users fcmToken and lastSignIn...
12 | Thu Oct 03 2019 20:03:49 GMT+0100 (Irish Standard Time) | -[RNFirebaseCrashlytics log:] line 26 $ [initialiseUserAuthListener] - Updating users fcmToken and lastSignIn...